{"mtype":"CoordinatorPropose","uid":1,"txid":"client_0_op_0","senderid":"0","opid":0}
{"mtype":"CoordinatorPropose","uid":2,"txid":"client_0_op_0","senderid":"1","opid":0}
{"mtype":"CoordinatorPropose","uid":3,"txid":"client_0_op_0","senderid":"2","opid":0}
{"mtype":"CoordinatorPropose","uid":4,"txid":"client_0_op_0","senderid":"3","opid":0}
{"mtype":"CoordinatorPropose","uid":5,"txid":"client_0_op_0","senderid":"4","opid":0}
{"mtype":"CoordinatorPropose","uid":6,"txid":"client_0_op_0","senderid":"5","opid":0}
{"mtype":"CoordinatorPropose","uid":7,"txid":"client_0_op_0","senderid":"6","opid":0}
{"mtype":"CoordinatorPropose","uid":8,"txid":"client_0_op_0","senderid":"7","opid":0}
{"mtype":"CoordinatorPropose","uid":9,"txid":"client_0_op_0","senderid":"8","opid":0}
{"mtype":"CoordinatorPropose","uid":10,"txid":"client_0_op_0","senderid":"9","opid":0}
{"mtype":"CoordinatorPropose","uid":11,"txid":"client_0_op_0","senderid":"10","opid":0}
{"mtype":"CoordinatorPropose","uid":12,"txid":"client_0_op_0","senderid":"11","opid":0}
{"mtype":"CoordinatorPropose","uid":13,"txid":"client_0_op_0","senderid":"12","opid":0}
{"mtype":"CoordinatorPropose","uid":14,"txid":"client_0_op_0","senderid":"13","opid":0}
{"mtype":"CoordinatorPropose","uid":15,"txid":"client_0_op_0","senderid":"14","opid":0}
{"mtype":"CoordinatorPropose","uid":16,"txid":"client_0_op_0","senderid":"15","opid":0}
{"mtype":"CoordinatorPropose","uid":17,"txid":"client_0_op_0","senderid":"16","opid":0}
{"mtype":"CoordinatorPropose","uid":18,"txid":"client_0_op_0","senderid":"17","opid":0}
{"mtype":"CoordinatorPropose","uid":19,"txid":"client_0_op_0","senderid":"18","opid":0}
{"mtype":"CoordinatorPropose","uid":20,"txid":"client_0_op_0","senderid":"19","opid":0}
{"mtype":"CoordinatorPropose","uid":21,"txid":"client_0_op_0","senderid":"20","opid":0}
{"mtype":"CoordinatorPropose","uid":22,"txid":"client_0_op_0","senderid":"21","opid":0}
{"mtype":"CoordinatorPropose","uid":23,"txid":"client_0_op_0","senderid":"22","opid":0}
{"mtype":"CoordinatorPropose","uid":24,"txid":"client_0_op_0","senderid":"23","opid":0}
{"mtype":"CoordinatorPropose","uid":25,"txid":"client_0_op_0","senderid":"24","opid":0}
{"mtype":"CoordinatorPropose","uid":26,"txid":"client_0_op_0","senderid":"25","opid":0}
{"mtype":"CoordinatorPropose","uid":27,"txid":"client_0_op_0","senderid":"26","opid":0}
{"mtype":"CoordinatorPropose","uid":28,"txid":"client_0_op_0","senderid":"27","opid":0}
{"mtype":"CoordinatorPropose","uid":29,"txid":"client_0_op_0","senderid":"28","opid":0}
{"mtype":"CoordinatorPropose","uid":30,"txid":"client_0_op_0","senderid":"29","opid":0}
{"mtype":"CoordinatorAbort","uid":31,"txid":"client_0_op_0","senderid":"","opid":0}
{"mtype":"ClientResultAbort","uid":32,"txid":"client_0_op_0","senderid":"0","opid":0}
{"mtype":"CoordinatorPropose","uid":33,"txid":"client_1_op_0","senderid":"0","opid":0}
{"mtype":"CoordinatorPropose","uid":34,"txid":"client_1_op_0","senderid":"1","opid":0}
{"mtype":"CoordinatorPropose","uid":35,"txid":"client_1_op_0","senderid":"2","opid":0}
{"mtype":"CoordinatorPropose","uid":36,"txid":"client_1_op_0","senderid":"3","opid":0}
{"mtype":"CoordinatorPropose","uid":37,"txid":"client_1_op_0","senderid":"4","opid":0}
{"mtype":"CoordinatorPropose","uid":38,"txid":"client_1_op_0","senderid":"5","opid":0}
{"mtype":"CoordinatorPropose","uid":39,"txid":"client_1_op_0","senderid":"6","opid":0}
{"mtype":"CoordinatorPropose","uid":40,"txid":"client_1_op_0","senderid":"7","opid":0}
{"mtype":"CoordinatorPropose","uid":41,"txid":"client_1_op_0","senderid":"8","opid":0}
{"mtype":"CoordinatorPropose","uid":42,"txid":"client_1_op_0","senderid":"9","opid":0}
{"mtype":"CoordinatorPropose","uid":43,"txid":"client_1_op_0","senderid":"10","opid":0}
{"mtype":"CoordinatorPropose","uid":44,"txid":"client_1_op_0","senderid":"11","opid":0}
{"mtype":"CoordinatorPropose","uid":45,"txid":"client_1_op_0","senderid":"12","opid":0}
{"mtype":"CoordinatorPropose","uid":46,"txid":"client_1_op_0","senderid":"13","opid":0}
{"mtype":"CoordinatorPropose","uid":47,"txid":"client_1_op_0","senderid":"14","opid":0}
{"mtype":"CoordinatorPropose","uid":48,"txid":"client_1_op_0","senderid":"15","opid":0}
{"mtype":"CoordinatorPropose","uid":49,"txid":"client_1_op_0","senderid":"16","opid":0}
{"mtype":"CoordinatorPropose","uid":50,"txid":"client_1_op_0","senderid":"17","opid":0}
{"mtype":"CoordinatorPropose","uid":51,"txid":"client_1_op_0","senderid":"18","opid":0}
{"mtype":"CoordinatorPropose","uid":52,"txid":"client_1_op_0","senderid":"19","opid":0}
{"mtype":"CoordinatorPropose","uid":53,"txid":"client_1_op_0","senderid":"20","opid":0}
{"mtype":"CoordinatorPropose","uid":54,"txid":"client_1_op_0","senderid":"21","opid":0}
{"mtype":"CoordinatorPropose","uid":55,"txid":"client_1_op_0","senderid":"22","opid":0}
{"mtype":"CoordinatorPropose","uid":56,"txid":"client_1_op_0","senderid":"23","opid":0}
{"mtype":"CoordinatorPropose","uid":57,"txid":"client_1_op_0","senderid":"24","opid":0}
{"mtype":"CoordinatorPropose","uid":58,"txid":"client_1_op_0","senderid":"25","opid":0}
{"mtype":"CoordinatorPropose","uid":59,"txid":"client_1_op_0","senderid":"26","opid":0}
{"mtype":"CoordinatorPropose","uid":60,"txid":"client_1_op_0","senderid":"27","opid":0}
{"mtype":"CoordinatorPropose","uid":61,"txid":"client_1_op_0","senderid":"28","opid":0}
{"mtype":"CoordinatorPropose","uid":62,"txid":"client_1_op_0","senderid":"29","opid":0}
{"mtype":"CoordinatorAbort","uid":63,"txid":"client_1_op_0","senderid":"","opid":0}
{"mtype":"ClientResultAbort","uid":64,"txid":"client_1_op_0","senderid":"1","opid":0}
{"mtype":"CoordinatorPropose","uid":65,"txid":"client_2_op_0","senderid":"0","opid":0}
{"mtype":"CoordinatorPropose","uid":66,"txid":"client_2_op_0","senderid":"1","opid":0}
{"mtype":"CoordinatorPropose","uid":67,"txid":"client_2_op_0","senderid":"2","opid":0}
{"mtype":"CoordinatorPropose","uid":68,"txid":"client_2_op_0","senderid":"3","opid":0}
{"mtype":"CoordinatorPropose","uid":69,"txid":"client_2_op_0","senderid":"4","opid":0}
{"mtype":"CoordinatorPropose","uid":70,"txid":"client_2_op_0","senderid":"5","opid":0}
{"mtype":"CoordinatorPropose","uid":71,"txid":"client_2_op_0","senderid":"6","opid":0}
{"mtype":"CoordinatorPropose","uid":72,"txid":"client_2_op_0","senderid":"7","opid":0}
{"mtype":"CoordinatorPropose","uid":73,"txid":"client_2_op_0","senderid":"8","opid":0}
{"mtype":"CoordinatorPropose","uid":74,"txid":"client_2_op_0","senderid":"9","opid":0}
{"mtype":"CoordinatorPropose","uid":75,"txid":"client_2_op_0","senderid":"10","opid":0}
{"mtype":"CoordinatorPropose","uid":76,"txid":"client_2_op_0","senderid":"11","opid":0}
{"mtype":"CoordinatorPropose","uid":77,"txid":"client_2_op_0","senderid":"12","opid":0}
{"mtype":"CoordinatorPropose","uid":78,"txid":"client_2_op_0","senderid":"13","opid":0}
{"mtype":"CoordinatorPropose","uid":79,"txid":"client_2_op_0","senderid":"14","opid":0}
{"mtype":"CoordinatorPropose","uid":80,"txid":"client_2_op_0","senderid":"15","opid":0}
{"mtype":"CoordinatorPropose","uid":81,"txid":"client_2_op_0","senderid":"16","opid":0}
{"mtype":"CoordinatorPropose","uid":82,"txid":"client_2_op_0","senderid":"17","opid":0}
{"mtype":"CoordinatorPropose","uid":83,"txid":"client_2_op_0","senderid":"18","opid":0}
{"mtype":"CoordinatorPropose","uid":84,"txid":"client_2_op_0","senderid":"19","opid":0}
{"mtype":"CoordinatorPropose","uid":85,"txid":"client_2_op_0","senderid":"20","opid":0}
{"mtype":"CoordinatorPropose","uid":86,"txid":"client_2_op_0","senderid":"21","opid":0}
{"mtype":"CoordinatorPropose","uid":87,"txid":"client_2_op_0","senderid":"22","opid":0}
{"mtype":"CoordinatorPropose","uid":88,"txid":"client_2_op_0","senderid":"23","opid":0}
{"mtype":"CoordinatorPropose","uid":89,"txid":"client_2_op_0","senderid":"24","opid":0}
{"mtype":"CoordinatorPropose","uid":90,"txid":"client_2_op_0","senderid":"25","opid":0}
{"mtype":"CoordinatorPropose","uid":91,"txid":"client_2_op_0","senderid":"26","opid":0}
{"mtype":"CoordinatorPropose","uid":92,"txid":"client_2_op_0","senderid":"27","opid":0}
{"mtype":"CoordinatorPropose","uid":93,"txid":"client_2_op_0","senderid":"28","opid":0}
{"mtype":"CoordinatorPropose","uid":94,"txid":"client_2_op_0","senderid":"29","opid":0}
{"mtype":"CoordinatorAbort","uid":95,"txid":"client_2_op_0","senderid":"","opid":0}
{"mtype":"ClientResultAbort","uid":96,"txid":"client_2_op_0","senderid":"2","opid":0}
{"mtype":"CoordinatorPropose","uid":97,"txid":"client_3_op_0","senderid":"0","opid":0}
{"mtype":"CoordinatorPropose","uid":98,"txid":"client_3_op_0","senderid":"1","opid":0}
{"mtype":"CoordinatorPropose","uid":99,"txid":"client_3_op_0","senderid":"2","opid":0}
{"mtype":"CoordinatorPropose","uid":100,"txid":"client_3_op_0","senderid":"3","opid":0}
{"mtype":"CoordinatorPropose","uid":101,"txid":"client_3_op_0","senderid":"4","opid":0}
{"mtype":"CoordinatorPropose","uid":102,"txid":"client_3_op_0","senderid":"5","opid":0}
{"mtype":"CoordinatorPropose","uid":103,"txid":"client_3_op_0","senderid":"6","opid":0}
{"mtype":"CoordinatorPropose","uid":104,"txid":"client_3_op_0","senderid":"7","opid":0}
{"mtype":"CoordinatorPropose","uid":105,"txid":"client_3_op_0","senderid":"8","opid":0}
{"mtype":"CoordinatorPropose","uid":106,"txid":"client_3_op_0","senderid":"9","opid":0}
{"mtype":"CoordinatorPropose","uid":107,"txid":"client_3_op_0","senderid":"10","opid":0}
{"mtype":"CoordinatorPropose","uid":108,"txid":"client_3_op_0","senderid":"11","opid":0}
{"mtype":"CoordinatorPropose","uid":109,"txid":"client_3_op_0","senderid":"12","opid":0}
{"mtype":"CoordinatorPropose","uid":110,"txid":"client_3_op_0","senderid":"13","opid":0}
{"mtype":"CoordinatorPropose","uid":111,"txid":"client_3_op_0","senderid":"14","opid":0}
{"mtype":"CoordinatorPropose","uid":112,"txid":"client_3_op_0","senderid":"15","opid":0}
{"mtype":"CoordinatorPropose","uid":113,"txid":"client_3_op_0","senderid":"16","opid":0}
{"mtype":"CoordinatorPropose","uid":114,"txid":"client_3_op_0","senderid":"17","opid":0}
{"mtype":"CoordinatorPropose","uid":115,"txid":"client_3_op_0","senderid":"18","opid":0}
{"mtype":"CoordinatorPropose","uid":116,"txid":"client_3_op_0","senderid":"19","opid":0}
{"mtype":"CoordinatorPropose","uid":117,"txid":"client_3_op_0","senderid":"20","opid":0}
{"mtype":"CoordinatorPropose","uid":118,"txid":"client_3_op_0","senderid":"21","opid":0}
{"mtype":"CoordinatorPropose","uid":119,"txid":"client_3_op_0","senderid":"22","opid":0}
{"mtype":"CoordinatorPropose","uid":120,"txid":"client_3_op_0","senderid":"23","opid":0}
{"mtype":"CoordinatorPropose","uid":121,"txid":"client_3_op_0","senderid":"24","opid":0}
{"mtype":"CoordinatorPropose","uid":122,"txid":"client_3_op_0","senderid":"25","opid":0}
{"mtype":"CoordinatorPropose","uid":123,"txid":"client_3_op_0","senderid":"26","opid":0}
{"mtype":"CoordinatorPropose","uid":124,"txid":"client_3_op_0","senderid":"27","opid":0}
{"mtype":"CoordinatorPropose","uid":125,"txid":"client_3_op_0","senderid":"28","opid":0}
{"mtype":"CoordinatorPropose","uid":126,"txid":"client_3_op_0","senderid":"29","opid":0}
{"mtype":"CoordinatorCommit","uid":127,"txid":"client_3_op_0","senderid":"","opid":0}
{"mtype":"ClientResultCommit","uid":128,"txid":"client_3_op_0","senderid":"3","opid":0}
{"mtype":"CoordinatorPropose","uid":129,"txid":"client_4_op_0","senderid":"0","opid":0}
{"mtype":"CoordinatorPropose","uid":130,"txid":"client_4_op_0","senderid":"1","opid":0}
{"mtype":"CoordinatorPropose","uid":131,"txid":"client_4_op_0","senderid":"2","opid":0}
{"mtype":"CoordinatorPropose","uid":132,"txid":"client_4_op_0","senderid":"3","opid":0}
{"mtype":"CoordinatorPropose","uid":133,"txid":"client_4_op_0","senderid":"4","opid":0}
{"mtype":"CoordinatorPropose","uid":134,"txid":"client_4_op_0","senderid":"5","opid":0}
{"mtype":"CoordinatorPropose","uid":135,"txid":"client_4_op_0","senderid":"6","opid":0}
{"mtype":"CoordinatorPropose","uid":136,"txid":"client_4_op_0","senderid":"7","opid":0}
{"mtype":"CoordinatorPropose","uid":137,"txid":"client_4_op_0","senderid":"8","opid":0}
{"mtype":"CoordinatorPropose","uid":138,"txid":"client_4_op_0","senderid":"9","opid":0}
{"mtype":"CoordinatorPropose","uid":139,"txid":"client_4_op_0","senderid":"10","opid":0}
{"mtype":"CoordinatorPropose","uid":140,"txid":"client_4_op_0","senderid":"11","opid":0}
{"mtype":"CoordinatorPropose","uid":141,"txid":"client_4_op_0","senderid":"12","opid":0}
{"mtype":"CoordinatorPropose","uid":142,"txid":"client_4_op_0","senderid":"13","opid":0}
{"mtype":"CoordinatorPropose","uid":143,"txid":"client_4_op_0","senderid":"14","opid":0}
{"mtype":"CoordinatorPropose","uid":144,"txid":"client_4_op_0","senderid":"15","opid":0}
{"mtype":"CoordinatorPropose","uid":145,"txid":"client_4_op_0","senderid":"16","opid":0}
{"mtype":"CoordinatorPropose","uid":146,"txid":"client_4_op_0","senderid":"17","opid":0}
{"mtype":"CoordinatorPropose","uid":147,"txid":"client_4_op_0","senderid":"18","opid":0}
{"mtype":"CoordinatorPropose","uid":148,"txid":"client_4_op_0","senderid":"19","opid":0}
{"mtype":"CoordinatorPropose","uid":149,"txid":"client_4_op_0","senderid":"20","opid":0}
{"mtype":"CoordinatorPropose","uid":150,"txid":"client_4_op_0","senderid":"21","opid":0}
{"mtype":"CoordinatorPropose","uid":151,"txid":"client_4_op_0","senderid":"22","opid":0}
{"mtype":"CoordinatorPropose","uid":152,"txid":"client_4_op_0","senderid":"23","opid":0}
{"mtype":"CoordinatorPropose","uid":153,"txid":"client_4_op_0","senderid":"24","opid":0}
{"mtype":"CoordinatorPropose","uid":154,"txid":"client_4_op_0","senderid":"25","opid":0}
{"mtype":"CoordinatorPropose","uid":155,"txid":"client_4_op_0","senderid":"26","opid":0}
{"mtype":"CoordinatorPropose","uid":156,"txid":"client_4_op_0","senderid":"27","opid":0}
{"mtype":"CoordinatorPropose","uid":157,"txid":"client_4_op_0","senderid":"28","opid":0}
{"mtype":"CoordinatorPropose","uid":158,"txid":"client_4_op_0","senderid":"29","opid":0}
{"mtype":"CoordinatorAbort","uid":159,"txid":"client_4_op_0","senderid":"","opid":0}
{"mtype":"ClientResultAbort","uid":160,"txid":"client_4_op_0","senderid":"4","opid":0}
{"mtype":"CoordinatorPropose","uid":161,"txid":"client_0_op_1","senderid":"0","opid":1}
{"mtype":"CoordinatorPropose","uid":162,"txid":"client_0_op_1","senderid":"1","opid":1}
{"mtype":"CoordinatorPropose","uid":163,"txid":"client_0_op_1","senderid":"2","opid":1}
{"mtype":"CoordinatorPropose","uid":164,"txid":"client_0_op_1","senderid":"3","opid":1}
{"mtype":"CoordinatorPropose","uid":165,"txid":"client_0_op_1","senderid":"4","opid":1}
{"mtype":"CoordinatorPropose","uid":166,"txid":"client_0_op_1","senderid":"5","opid":1}
{"mtype":"CoordinatorPropose","uid":167,"txid":"client_0_op_1","senderid":"6","opid":1}
{"mtype":"CoordinatorPropose","uid":168,"txid":"client_0_op_1","senderid":"7","opid":1}
{"mtype":"CoordinatorPropose","uid":169,"txid":"client_0_op_1","senderid":"8","opid":1}
{"mtype":"CoordinatorPropose","uid":170,"txid":"client_0_op_1","senderid":"9","opid":1}
{"mtype":"CoordinatorPropose","uid":171,"txid":"client_0_op_1","senderid":"10","opid":1}
{"mtype":"CoordinatorPropose","uid":172,"txid":"client_0_op_1","senderid":"11","opid":1}
{"mtype":"CoordinatorPropose","uid":173,"txid":"client_0_op_1","senderid":"12","opid":1}
{"mtype":"CoordinatorPropose","uid":174,"txid":"client_0_op_1","senderid":"13","opid":1}
{"mtype":"CoordinatorPropose","uid":175,"txid":"client_0_op_1","senderid":"14","opid":1}
{"mtype":"CoordinatorPropose","uid":176,"txid":"client_0_op_1","senderid":"15","opid":1}
{"mtype":"CoordinatorPropose","uid":177,"txid":"client_0_op_1","senderid":"16","opid":1}
{"mtype":"CoordinatorPropose","uid":178,"txid":"client_0_op_1","senderid":"17","opid":1}
{"mtype":"CoordinatorPropose","uid":179,"txid":"client_0_op_1","senderid":"18","opid":1}
{"mtype":"CoordinatorPropose","uid":180,"txid":"client_0_op_1","senderid":"19","opid":1}
{"mtype":"CoordinatorPropose","uid":181,"txid":"client_0_op_1","senderid":"20","opid":1}
{"mtype":"CoordinatorPropose","uid":182,"txid":"client_0_op_1","senderid":"21","opid":1}
{"mtype":"CoordinatorPropose","uid":183,"txid":"client_0_op_1","senderid":"22","opid":1}
{"mtype":"CoordinatorPropose","uid":184,"txid":"client_0_op_1","senderid":"23","opid":1}
{"mtype":"CoordinatorPropose","uid":185,"txid":"client_0_op_1","senderid":"24","opid":1}
{"mtype":"CoordinatorPropose","uid":186,"txid":"client_0_op_1","senderid":"25","opid":1}
{"mtype":"CoordinatorPropose","uid":187,"txid":"client_0_op_1","senderid":"26","opid":1}
{"mtype":"CoordinatorPropose","uid":188,"txid":"client_0_op_1","senderid":"27","opid":1}
{"mtype":"CoordinatorPropose","uid":189,"txid":"client_0_op_1","senderid":"28","opid":1}
{"mtype":"CoordinatorPropose","uid":190,"txid":"client_0_op_1","senderid":"29","opid":1}
{"mtype":"CoordinatorAbort","uid":191,"txid":"client_0_op_1","senderid":"","opid":1}
{"mtype":"ClientResultAbort","uid":192,"txid":"client_0_op_1","senderid":"0","opid":1}
{"mtype":"CoordinatorPropose","uid":193,"txid":"client_1_op_1","senderid":"0","opid":1}
{"mtype":"CoordinatorPropose","uid":194,"txid":"client_1_op_1","senderid":"1","opid":1}
{"mtype":"CoordinatorPropose","uid":195,"txid":"client_1_op_1","senderid":"2","opid":1}
{"mtype":"CoordinatorPropose","uid":196,"txid":"client_1_op_1","senderid":"3","opid":1}
{"mtype":"CoordinatorPropose","uid":197,"txid":"client_1_op_1","senderid":"4","opid":1}
{"mtype":"CoordinatorPropose","uid":198,"txid":"client_1_op_1","senderid":"5","opid":1}
{"mtype":"CoordinatorPropose","uid":199,"txid":"client_1_op_1","senderid":"6","opid":1}
{"mtype":"CoordinatorPropose","uid":200,"txid":"client_1_op_1","senderid":"7","opid":1}
{"mtype":"CoordinatorPropose","uid":201,"txid":"client_1_op_1","senderid":"8","opid":1}
{"mtype":"CoordinatorPropose","uid":202,"txid":"client_1_op_1","senderid":"9","opid":1}
{"mtype":"CoordinatorPropose","uid":203,"txid":"client_1_op_1","senderid":"10","opid":1}
{"mtype":"CoordinatorPropose","uid":204,"txid":"client_1_op_1","senderid":"11","opid":1}
{"mtype":"CoordinatorPropose","uid":205,"txid":"client_1_op_1","senderid":"12","opid":1}
{"mtype":"CoordinatorPropose","uid":206,"txid":"client_1_op_1","senderid":"13","opid":1}
{"mtype":"CoordinatorPropose","uid":207,"txid":"client_1_op_1","senderid":"14","opid":1}
{"mtype":"CoordinatorPropose","uid":208,"txid":"client_1_op_1","senderid":"15","opid":1}
{"mtype":"CoordinatorPropose","uid":209,"txid":"client_1_op_1","senderid":"16","opid":1}
{"mtype":"CoordinatorPropose","uid":210,"txid":"client_1_op_1","senderid":"17","opid":1}
{"mtype":"CoordinatorPropose","uid":211,"txid":"client_1_op_1","senderid":"18","opid":1}
{"mtype":"CoordinatorPropose","uid":212,"txid":"client_1_op_1","senderid":"19","opid":1}
{"mtype":"CoordinatorPropose","uid":213,"txid":"client_1_op_1","senderid":"20","opid":1}
{"mtype":"CoordinatorPropose","uid":214,"txid":"client_1_op_1","senderid":"21","opid":1}
{"mtype":"CoordinatorPropose","uid":215,"txid":"client_1_op_1","senderid":"22","opid":1}
{"mtype":"CoordinatorPropose","uid":216,"txid":"client_1_op_1","senderid":"23","opid":1}
{"mtype":"CoordinatorPropose","uid":217,"txid":"client_1_op_1","senderid":"24","opid":1}
{"mtype":"CoordinatorPropose","uid":218,"txid":"client_1_op_1","senderid":"25","opid":1}
{"mtype":"CoordinatorPropose","uid":219,"txid":"client_1_op_1","senderid":"26","opid":1}
{"mtype":"CoordinatorPropose","uid":220,"txid":"client_1_op_1","senderid":"27","opid":1}
{"mtype":"CoordinatorPropose","uid":221,"txid":"client_1_op_1","senderid":"28","opid":1}
{"mtype":"CoordinatorPropose","uid":222,"txid":"client_1_op_1","senderid":"29","opid":1}
{"mtype":"CoordinatorCommit","uid":223,"txid":"client_1_op_1","senderid":"","opid":1}
{"mtype":"ClientResultCommit","uid":224,"txid":"client_1_op_1","senderid":"1","opid":1}
{"mtype":"CoordinatorPropose","uid":225,"txid":"client_2_op_1","senderid":"0","opid":1}
{"mtype":"CoordinatorPropose","uid":226,"txid":"client_2_op_1","senderid":"1","opid":1}
{"mtype":"CoordinatorPropose","uid":227,"txid":"client_2_op_1","senderid":"2","opid":1}
{"mtype":"CoordinatorPropose","uid":228,"txid":"client_2_op_1","senderid":"3","opid":1}
{"mtype":"CoordinatorPropose","uid":229,"txid":"client_2_op_1","senderid":"4","opid":1}
{"mtype":"CoordinatorPropose","uid":230,"txid":"client_2_op_1","senderid":"5","opid":1}
{"mtype":"CoordinatorPropose","uid":231,"txid":"client_2_op_1","senderid":"6","opid":1}
{"mtype":"CoordinatorPropose","uid":232,"txid":"client_2_op_1","senderid":"7","opid":1}
{"mtype":"CoordinatorPropose","uid":233,"txid":"client_2_op_1","senderid":"8","opid":1}
{"mtype":"CoordinatorPropose","uid":234,"txid":"client_2_op_1","senderid":"9","opid":1}
{"mtype":"CoordinatorPropose","uid":235,"txid":"client_2_op_1","senderid":"10","opid":1}
{"mtype":"CoordinatorPropose","uid":236,"txid":"client_2_op_1","senderid":"11","opid":1}
{"mtype":"CoordinatorPropose","uid":237,"txid":"client_2_op_1","senderid":"12","opid":1}
{"mtype":"CoordinatorPropose","uid":238,"txid":"client_2_op_1","senderid":"13","opid":1}
{"mtype":"CoordinatorPropose","uid":239,"txid":"client_2_op_1","senderid":"14","opid":1}
{"mtype":"CoordinatorPropose","uid":240,"txid":"client_2_op_1","senderid":"15","opid":1}
{"mtype":"CoordinatorPropose","uid":241,"txid":"client_2_op_1","senderid":"16","opid":1}
{"mtype":"CoordinatorPropose","uid":242,"txid":"client_2_op_1","senderid":"17","opid":1}
{"mtype":"CoordinatorPropose","uid":243,"txid":"client_2_op_1","senderid":"18","opid":1}
{"mtype":"CoordinatorPropose","uid":244,"txid":"client_2_op_1","senderid":"19","opid":1}
{"mtype":"CoordinatorPropose","uid":245,"txid":"client_2_op_1","senderid":"20","opid":1}
{"mtype":"CoordinatorPropose","uid":246,"txid":"client_2_op_1","senderid":"21","opid":1}
{"mtype":"CoordinatorPropose","uid":247,"txid":"client_2_op_1","senderid":"22","opid":1}
{"mtype":"CoordinatorPropose","uid":248,"txid":"client_2_op_1","senderid":"23","opid":1}
{"mtype":"CoordinatorPropose","uid":249,"txid":"client_2_op_1","senderid":"24","opid":1}
{"mtype":"CoordinatorPropose","uid":250,"txid":"client_2_op_1","senderid":"25","opid":1}
{"mtype":"CoordinatorPropose","uid":251,"txid":"client_2_op_1","senderid":"26","opid":1}
{"mtype":"CoordinatorPropose","uid":252,"txid":"client_2_op_1","senderid":"27","opid":1}
{"mtype":"CoordinatorPropose","uid":253,"txid":"client_2_op_1","senderid":"28","opid":1}
{"mtype":"CoordinatorPropose","uid":254,"txid":"client_2_op_1","senderid":"29","opid":1}
{"mtype":"CoordinatorCommit","uid":255,"txid":"client_2_op_1","senderid":"","opid":1}
{"mtype":"ClientResultCommit","uid":256,"txid":"client_2_op_1","senderid":"2","opid":1}
{"mtype":"CoordinatorPropose","uid":257,"txid":"client_3_op_1","senderid":"0","opid":1}
{"mtype":"CoordinatorPropose","uid":258,"txid":"client_3_op_1","senderid":"1","opid":1}
{"mtype":"CoordinatorPropose","uid":259,"txid":"client_3_op_1","senderid":"2","opid":1}
{"mtype":"CoordinatorPropose","uid":260,"txid":"client_3_op_1","senderid":"3","opid":1}
{"mtype":"CoordinatorPropose","uid":261,"txid":"client_3_op_1","senderid":"4","opid":1}
{"mtype":"CoordinatorPropose","uid":262,"txid":"client_3_op_1","senderid":"5","opid":1}
{"mtype":"CoordinatorPropose","uid":263,"txid":"client_3_op_1","senderid":"6","opid":1}
{"mtype":"CoordinatorPropose","uid":264,"txid":"client_3_op_1","senderid":"7","opid":1}
{"mtype":"CoordinatorPropose","uid":265,"txid":"client_3_op_1","senderid":"8","opid":1}
{"mtype":"CoordinatorPropose","uid":266,"txid":"client_3_op_1","senderid":"9","opid":1}
{"mtype":"CoordinatorPropose","uid":267,"txid":"client_3_op_1","senderid":"10","opid":1}
{"mtype":"CoordinatorPropose","uid":268,"txid":"client_3_op_1","senderid":"11","opid":1}
{"mtype":"CoordinatorPropose","uid":269,"txid":"client_3_op_1","senderid":"12","opid":1}
{"mtype":"CoordinatorPropose","uid":270,"txid":"client_3_op_1","senderid":"13","opid":1}
{"mtype":"CoordinatorPropose","uid":271,"txid":"client_3_op_1","senderid":"14","opid":1}
{"mtype":"CoordinatorPropose","uid":272,"txid":"client_3_op_1","senderid":"15","opid":1}
{"mtype":"CoordinatorPropose","uid":273,"txid":"client_3_op_1","senderid":"16","opid":1}
{"mtype":"CoordinatorPropose","uid":274,"txid":"client_3_op_1","senderid":"17","opid":1}
{"mtype":"CoordinatorPropose","uid":275,"txid":"client_3_op_1","senderid":"18","opid":1}
{"mtype":"CoordinatorPropose","uid":276,"txid":"client_3_op_1","senderid":"19","opid":1}
{"mtype":"CoordinatorPropose","uid":277,"txid":"client_3_op_1","senderid":"20","opid":1}
{"mtype":"CoordinatorPropose","uid":278,"txid":"client_3_op_1","senderid":"21","opid":1}
{"mtype":"CoordinatorPropose","uid":279,"txid":"client_3_op_1","senderid":"22","opid":1}
{"mtype":"CoordinatorPropose","uid":280,"txid":"client_3_op_1","senderid":"23","opid":1}
{"mtype":"CoordinatorPropose","uid":281,"txid":"client_3_op_1","senderid":"24","opid":1}
{"mtype":"CoordinatorPropose","uid":282,"txid":"client_3_op_1","senderid":"25","opid":1}
{"mtype":"CoordinatorPropose","uid":283,"txid":"client_3_op_1","senderid":"26","opid":1}
{"mtype":"CoordinatorPropose","uid":284,"txid":"client_3_op_1","senderid":"27","opid":1}
{"mtype":"CoordinatorPropose","uid":285,"txid":"client_3_op_1","senderid":"28","opid":1}
{"mtype":"CoordinatorPropose","uid":286,"txid":"client_3_op_1","senderid":"29","opid":1}
{"mtype":"CoordinatorCommit","uid":287,"txid":"client_3_op_1","senderid":"","opid":1}
{"mtype":"ClientResultCommit","uid":288,"txid":"client_3_op_1","senderid":"3","opid":1}
{"mtype":"CoordinatorPropose","uid":289,"txid":"client_4_op_1","senderid":"0","opid":1}
{"mtype":"CoordinatorPropose","uid":290,"txid":"client_4_op_1","senderid":"1","opid":1}
{"mtype":"CoordinatorPropose","uid":291,"txid":"client_4_op_1","senderid":"2","opid":1}
{"mtype":"CoordinatorPropose","uid":292,"txid":"client_4_op_1","senderid":"3","opid":1}
{"mtype":"CoordinatorPropose","uid":293,"txid":"client_4_op_1","senderid":"4","opid":1}
{"mtype":"CoordinatorPropose","uid":294,"txid":"client_4_op_1","senderid":"5","opid":1}
{"mtype":"CoordinatorPropose","uid":295,"txid":"client_4_op_1","senderid":"6","opid":1}
{"mtype":"CoordinatorPropose","uid":296,"txid":"client_4_op_1","senderid":"7","opid":1}
{"mtype":"CoordinatorPropose","uid":297,"txid":"client_4_op_1","senderid":"8","opid":1}
{"mtype":"CoordinatorPropose","uid":298,"txid":"client_4_op_1","senderid":"9","opid":1}
{"mtype":"CoordinatorPropose","uid":299,"txid":"client_4_op_1","senderid":"10","opid":1}
{"mtype":"CoordinatorPropose","uid":300,"txid":"client_4_op_1","senderid":"11","opid":1}
{"mtype":"CoordinatorPropose","uid":301,"txid":"client_4_op_1","senderid":"12","opid":1}
{"mtype":"CoordinatorPropose","uid":302,"txid":"client_4_op_1","senderid":"13","opid":1}
{"mtype":"CoordinatorPropose","uid":303,"txid":"client_4_op_1","senderid":"14","opid":1}
{"mtype":"CoordinatorPropose","uid":304,"txid":"client_4_op_1","senderid":"15","opid":1}
{"mtype":"CoordinatorPropose","uid":305,"txid":"client_4_op_1","senderid":"16","opid":1}
{"mtype":"CoordinatorPropose","uid":306,"txid":"client_4_op_1","senderid":"17","opid":1}
{"mtype":"CoordinatorPropose","uid":307,"txid":"client_4_op_1","senderid":"18","opid":1}
{"mtype":"CoordinatorPropose","uid":308,"txid":"client_4_op_1","senderid":"19","opid":1}
{"mtype":"CoordinatorPropose","uid":309,"txid":"client_4_op_1","senderid":"20","opid":1}
{"mtype":"CoordinatorPropose","uid":310,"txid":"client_4_op_1","senderid":"21","opid":1}
{"mtype":"CoordinatorPropose","uid":311,"txid":"client_4_op_1","senderid":"22","opid":1}
{"mtype":"CoordinatorPropose","uid":312,"txid":"client_4_op_1","senderid":"23","opid":1}
{"mtype":"CoordinatorPropose","uid":313,"txid":"client_4_op_1","senderid":"24","opid":1}
{"mtype":"CoordinatorPropose","uid":314,"txid":"client_4_op_1","senderid":"25","opid":1}
{"mtype":"CoordinatorPropose","uid":315,"txid":"client_4_op_1","senderid":"26","opid":1}
{"mtype":"CoordinatorPropose","uid":316,"txid":"client_4_op_1","senderid":"27","opid":1}
{"mtype":"CoordinatorPropose","uid":317,"txid":"client_4_op_1","senderid":"28","opid":1}
{"mtype":"CoordinatorPropose","uid":318,"txid":"client_4_op_1","senderid":"29","opid":1}
{"mtype":"CoordinatorAbort","uid":319,"txid":"client_4_op_1","senderid":"","opid":1}
{"mtype":"ClientResultAbort","uid":320,"txid":"client_4_op_1","senderid":"4","opid":1}
{"mtype":"CoordinatorPropose","uid":321,"txid":"client_0_op_2","senderid":"0","opid":2}
{"mtype":"CoordinatorPropose","uid":322,"txid":"client_0_op_2","senderid":"1","opid":2}
{"mtype":"CoordinatorPropose","uid":323,"txid":"client_0_op_2","senderid":"2","opid":2}
{"mtype":"CoordinatorPropose","uid":324,"txid":"client_0_op_2","senderid":"3","opid":2}
{"mtype":"CoordinatorPropose","uid":325,"txid":"client_0_op_2","senderid":"4","opid":2}
{"mtype":"CoordinatorPropose","uid":326,"txid":"client_0_op_2","senderid":"5","opid":2}
{"mtype":"CoordinatorPropose","uid":327,"txid":"client_0_op_2","senderid":"6","opid":2}
{"mtype":"CoordinatorPropose","uid":328,"txid":"client_0_op_2","senderid":"7","opid":2}
{"mtype":"CoordinatorPropose","uid":329,"txid":"client_0_op_2","senderid":"8","opid":2}
{"mtype":"CoordinatorPropose","uid":330,"txid":"client_0_op_2","senderid":"9","opid":2}
{"mtype":"CoordinatorPropose","uid":331,"txid":"client_0_op_2","senderid":"10","opid":2}
{"mtype":"CoordinatorPropose","uid":332,"txid":"client_0_op_2","senderid":"11","opid":2}
{"mtype":"CoordinatorPropose","uid":333,"txid":"client_0_op_2","senderid":"12","opid":2}
{"mtype":"CoordinatorPropose","uid":334,"txid":"client_0_op_2","senderid":"13","opid":2}
{"mtype":"CoordinatorPropose","uid":335,"txid":"client_0_op_2","senderid":"14","opid":2}
{"mtype":"CoordinatorPropose","uid":336,"txid":"client_0_op_2","senderid":"15","opid":2}
{"mtype":"CoordinatorPropose","uid":337,"txid":"client_0_op_2","senderid":"16","opid":2}
{"mtype":"CoordinatorPropose","uid":338,"txid":"client_0_op_2","senderid":"17","opid":2}
{"mtype":"CoordinatorPropose","uid":339,"txid":"client_0_op_2","senderid":"18","opid":2}
{"mtype":"CoordinatorPropose","uid":340,"txid":"client_0_op_2","senderid":"19","opid":2}
{"mtype":"CoordinatorPropose","uid":341,"txid":"client_0_op_2","senderid":"20","opid":2}
{"mtype":"CoordinatorPropose","uid":342,"txid":"client_0_op_2","senderid":"21","opid":2}
{"mtype":"CoordinatorPropose","uid":343,"txid":"client_0_op_2","senderid":"22","opid":2}
{"mtype":"CoordinatorPropose","uid":344,"txid":"client_0_op_2","senderid":"23","opid":2}
{"mtype":"CoordinatorPropose","uid":345,"txid":"client_0_op_2","senderid":"24","opid":2}
{"mtype":"CoordinatorPropose","uid":346,"txid":"client_0_op_2","senderid":"25","opid":2}
{"mtype":"CoordinatorPropose","uid":347,"txid":"client_0_op_2","senderid":"26","opid":2}
{"mtype":"CoordinatorPropose","uid":348,"txid":"client_0_op_2","senderid":"27","opid":2}
{"mtype":"CoordinatorPropose","uid":349,"txid":"client_0_op_2","senderid":"28","opid":2}
{"mtype":"CoordinatorPropose","uid":350,"txid":"client_0_op_2","senderid":"29","opid":2}
{"mtype":"CoordinatorCommit","uid":351,"txid":"client_0_op_2","senderid":"","opid":2}
{"mtype":"ClientResultCommit","uid":352,"txid":"client_0_op_2","senderid":"0","opid":2}
{"mtype":"CoordinatorPropose","uid":353,"txid":"client_1_op_2","senderid":"0","opid":2}
{"mtype":"CoordinatorPropose","uid":354,"txid":"client_1_op_2","senderid":"1","opid":2}
{"mtype":"CoordinatorPropose","uid":355,"txid":"client_1_op_2","senderid":"2","opid":2}
{"mtype":"CoordinatorPropose","uid":356,"txid":"client_1_op_2","senderid":"3","opid":2}
{"mtype":"CoordinatorPropose","uid":357,"txid":"client_1_op_2","senderid":"4","opid":2}
{"mtype":"CoordinatorPropose","uid":358,"txid":"client_1_op_2","senderid":"5","opid":2}
{"mtype":"CoordinatorPropose","uid":359,"txid":"client_1_op_2","senderid":"6","opid":2}
{"mtype":"CoordinatorPropose","uid":360,"txid":"client_1_op_2","senderid":"7","opid":2}
{"mtype":"CoordinatorPropose","uid":361,"txid":"client_1_op_2","senderid":"8","opid":2}
{"mtype":"CoordinatorPropose","uid":362,"txid":"client_1_op_2","senderid":"9","opid":2}
{"mtype":"CoordinatorPropose","uid":363,"txid":"client_1_op_2","senderid":"10","opid":2}
{"mtype":"CoordinatorPropose","uid":364,"txid":"client_1_op_2","senderid":"11","opid":2}
{"mtype":"CoordinatorPropose","uid":365,"txid":"client_1_op_2","senderid":"12","opid":2}
{"mtype":"CoordinatorPropose","uid":366,"txid":"client_1_op_2","senderid":"13","opid":2}
{"mtype":"CoordinatorPropose","uid":367,"txid":"client_1_op_2","senderid":"14","opid":2}
{"mtype":"CoordinatorPropose","uid":368,"txid":"client_1_op_2","senderid":"15","opid":2}
{"mtype":"CoordinatorPropose","uid":369,"txid":"client_1_op_2","senderid":"16","opid":2}
{"mtype":"CoordinatorPropose","uid":370,"txid":"client_1_op_2","senderid":"17","opid":2}
{"mtype":"CoordinatorPropose","uid":371,"txid":"client_1_op_2","senderid":"18","opid":2}
{"mtype":"CoordinatorPropose","uid":372,"txid":"client_1_op_2","senderid":"19","opid":2}
{"mtype":"CoordinatorPropose","uid":373,"txid":"client_1_op_2","senderid":"20","opid":2}
{"mtype":"CoordinatorPropose","uid":374,"txid":"client_1_op_2","senderid":"21","opid":2}
{"mtype":"CoordinatorPropose","uid":375,"txid":"client_1_op_2","senderid":"22","opid":2}
{"mtype":"CoordinatorPropose","uid":376,"txid":"client_1_op_2","senderid":"23","opid":2}
{"mtype":"CoordinatorPropose","uid":377,"txid":"client_1_op_2","senderid":"24","opid":2}
{"mtype":"CoordinatorPropose","uid":378,"txid":"client_1_op_2","senderid":"25","opid":2}
{"mtype":"CoordinatorPropose","uid":379,"txid":"client_1_op_2","senderid":"26","opid":2}
{"mtype":"CoordinatorPropose","uid":380,"txid":"client_1_op_2","senderid":"27","opid":2}
{"mtype":"CoordinatorPropose","uid":381,"txid":"client_1_op_2","senderid":"28","opid":2}
{"mtype":"CoordinatorPropose","uid":382,"txid":"client_1_op_2","senderid":"29","opid":2}
{"mtype":"CoordinatorAbort","uid":383,"txid":"client_1_op_2","senderid":"","opid":2}
{"mtype":"ClientResultAbort","uid":384,"txid":"client_1_op_2","senderid":"1","opid":2}
